<?xml version="1.0" encoding="UTF-8"?>
<!-- Generated by org.testng.reporters.JUnitReportReporter -->
<testsuite skipped="0" hostname="Giridhars-MacBook-Pro.local" name="com.tests.sms.SMSNotifications" tests="1" failures="0" timestamp="2020-05-06T07:13:32 BST" time="0.097" errors="0">
  <testcase name="smsNotificationsTest" time="0.097" classname="com.tests.sms.SMSNotifications"/>
  <system-out/>
</testsuite> <!-- com.tests.sms.SMSNotifications -->
