<?xml version="1.0" encoding="UTF-8"?>
<!-- Generated by org.testng.reporters.JUnitReportReporter -->
<testsuite skipped="0" hostname="Giridhars-MacBook-Pro.local" name="com.tests.push_ios.PushNotificationsAndroid" tests="1" failures="0" timestamp="2020-05-06T07:13:47 BST" time="0.068" errors="0">
  <testcase name="emailNotificationsTest" time="0.068" classname="com.tests.push_ios.PushNotificationsAndroid"/>
  <system-out/>
</testsuite> <!-- com.tests.push_ios.PushNotificationsAndroid -->
