<?xml version="1.0" encoding="UTF-8"?>
<!-- Generated by org.testng.reporters.JUnitReportReporter -->
<testsuite skipped="0" hostname="Giridhars-MacBook-Pro.local" name="com.tests.push_android.PushNotificationsiOS" tests="1" failures="0" timestamp="2020-05-06T07:13:42 BST" time="0.070" errors="0">
  <testcase name="pushAndroid" time="0.070" classname="com.tests.push_android.PushNotificationsiOS"/>
  <system-out/>
</testsuite> <!-- com.tests.push_android.PushNotificationsiOS -->
