<?xml version="1.0" encoding="UTF-8"?>
<!-- Generated by org.testng.reporters.JUnitReportReporter -->
<testsuite skipped="0" hostname="Giridhars-MBP" name="com.tests.email.EmailNotifications" tests="1" failures="0" timestamp="2020-05-12T10:35:45 BST" time="0.128" errors="0">
  <testcase name="emailNotificationsTest" time="0.128" classname="com.tests.email.EmailNotifications"/>
  <system-out/>
</testsuite> <!-- com.tests.email.EmailNotifications -->
