<?xml version="1.0" encoding="UTF-8"?>
<!-- Generated by org.testng.reporters.JUnitReportReporter -->
<testsuite skipped="0" hostname="Giridhars-MBP" name="com.tests.push_android.PushNotificationsAndroid" tests="1" failures="0" timestamp="2020-05-12T10:35:45 BST" time="0.127" errors="0">
  <testcase name="pushNotificationsAndroid" time="0.127" classname="com.tests.push_android.PushNotificationsAndroid"/>
  <system-out/>
</testsuite> <!-- com.tests.push_android.PushNotificationsAndroid -->
